#
# A fatal error has been detected by the Java Runtime Environment:
#
#  Internal Error (javaCalls.cpp:51), pid=3155, tid=0x0000000000005303
#  guarantee(thread->is_Java_thread()) failed: crucial check - the VM thread cannot and must not escape to Java code
#
# JRE version: Java(TM) SE Runtime Environment (8.0_251-b08) (build 1.8.0_251-b08)
# Java VM: Java HotSpot(TM) 64-Bit Server VM (25.251-b08 mixed mode bsd-amd64 compressed oops)
# Failed to write core dump. Core dumps have been disabled. To enable core dumping, try "ulimit -c unlimited" before starting Java again
#
# If you would like to submit a bug report, please visit:
#   http://bugreport.java.com/bugreport/crash.jsp
#

---------------  T H R E A D  ---------------

Current thread (0x00007fdad582a800):  VMThread [stack: 0x000070000411a000,0x000070000421a000] [id=21251]

Stack: [0x000070000411a000,0x000070000421a000],  sp=0x0000700004218b90,  free space=1018k
Native frames: (J=compiled Java code, j=interpreted, Vv=VM code, C=native code)
V  [libjvm.dylib+0x5bbaec]  VMError::report_and_die()+0x3f8
V  [libjvm.dylib+0x1e9991]  report_vm_error(char const*, int, char const*, char const*)+0x54
V  [libjvm.dylib+0x2f0054]  JavaCallWrapper::JavaCallWrapper(methodHandle, Handle, JavaValue*, Thread*)+0x64
V  [libjvm.dylib+0x2f090c]  JavaCalls::call_helper(JavaValue*, methodHandle*, JavaCallArguments*, Thread*)+0x608
V  [libjvm.dylib+0x2f0e3f]  JavaCalls::call_special(JavaValue*, KlassHandle, Symbol*, Symbol*, JavaCallArguments*, Thread*)+0x111
V  [libjvm.dylib+0x24452b]  Exceptions::new_exception(Thread*, Symbol*, Symbol*, JavaCallArguments*, Handle, Handle)+0xc7
V  [libjvm.dylib+0x244626]  Exceptions::new_exception(Thread*, Symbol*, Symbol*, JavaCallArguments*, Handle, Handle, Handle)+0x28
V  [libjvm.dylib+0x244885]  Exceptions::new_exception(Thread*, Symbol*, char const*, Handle, Handle, Handle, Exceptions::ExceptionMsgToUtf8Mode)+0x169
V  [libjvm.dylib+0x2448a0]  Exceptions::new_exception(Thread*, Symbol*, char const*, Exceptions::ExceptionMsgToUtf8Mode)+0x18
V  [libjvm.dylib+0x288663]  GenerateOopMap::verify_error(char const*, ...)+0xed
V  [libjvm.dylib+0x28879d]  GenerateOopMap::pop()+0x19
V  [libjvm.dylib+0x288a03]  GenerateOopMap::ppop(CellTypeState*)+0x2b
V  [libjvm.dylib+0x289d64]  GenerateOopMap::interp1(BytecodeStream*)+0x1da
V  [libjvm.dylib+0x28b2c8]  GenerateOopMap::interp_bb(BasicBlock*)+0x104
V  [libjvm.dylib+0x28b517]  GenerateOopMap::interp_all()+0x31
V  [libjvm.dylib+0x28baae]  GenerateOopMap::do_interpretation()+0x44
V  [libjvm.dylib+0x28bec7]  GenerateOopMap::compute_map(Thread*)+0x1fb
V  [libjvm.dylib+0x486d15]  OopMapForCacheEntry::compute_map(Thread*)+0x8f
V  [libjvm.dylib+0x486f1e]  OopMapCacheEntry::fill(methodHandle, int)+0x19e
V  [libjvm.dylib+0x487451]  OopMapCache::lookup(methodHandle, int, InterpreterOopMap*) const+0x2f7
V  [libjvm.dylib+0x2c37aa]  InstanceKlass::mask_for(methodHandle, int, InterpreterOopMap*)+0xd2
V  [libjvm.dylib+0x45479d]  Method::mask_for(int, InterpreterOopMap*)+0xb3
V  [libjvm.dylib+0x39bc87]  VM_GetOrSetLocal::doit()+0x47
V  [libjvm.dylib+0x5c3805]  VM_Operation::evaluate()+0x4f
V  [libjvm.dylib+0x5c1d73]  VMThread::evaluate_operation(VM_Operation*)+0xdf
V  [libjvm.dylib+0x5c21c0]  VMThread::loop()+0x328
V  [libjvm.dylib+0x5c1adf]  VMThread::run()+0x79
V  [libjvm.dylib+0x48fe2a]  java_start(Thread*)+0xf6
C  [libsystem_pthread.dylib+0x6109]  _pthread_start+0x94
C  [libsystem_pthread.dylib+0x1b8b]  thread_start+0xf

VM_Operation (0x000070000472ba18): GetOrSetLocal, mode: safepoint, requested by thread 0x00007fdad6039000


---------------  P R O C E S S  ---------------

Java Threads: ( => current thread )
  0x00007fdad6994000 JavaThread "RMI TCP Connection(2)-127.0.0.1" daemon [_thread_in_native, id=43015, stack(0x0000700005250000,0x0000700005350000)]
  0x00007fdad6c02800 JavaThread "container-0" [_thread_blocked, id=23299, stack(0x0000700005965000,0x0000700005a65000)]
  0x00007fdad5bc8800 JavaThread "Catalina-utility-2" [_thread_blocked, id=40975, stack(0x0000700005862000,0x0000700005962000)]
  0x00007fdad7a32000 JavaThread "Catalina-utility-1" [_thread_blocked, id=11783, stack(0x000070000575f000,0x000070000585f000)]
  0x00007fdad59e6800 JavaThread "restartedMain" [_thread_blocked, id=23043, stack(0x000070000565c000,0x000070000575c000)]
  0x00007fdad59b8000 JavaThread "Thread-2" [_thread_blocked, id=41987, stack(0x0000700005559000,0x0000700005659000)]
  0x00007fdad7adc000 JavaThread "RMI Scheduler(0)" daemon [_thread_blocked, id=22531, stack(0x0000700005353000,0x0000700005453000)]
  0x00007fdad595b000 JavaThread "Attach Listener" daemon [_thread_blocked, id=22019, stack(0x000070000514d000,0x000070000524d000)]
  0x00007fdad7aca800 JavaThread "RMI TCP Accept-0" daemon [_thread_in_native, id=16131, stack(0x0000700004f47000,0x0000700005047000)]
  0x00007fdad7976800 JavaThread "RMI TCP Accept-55993" daemon [_thread_in_native, id=15363, stack(0x0000700004e44000,0x0000700004f44000)]
  0x00007fdad61d6000 JavaThread "RMI TCP Accept-0" daemon [_thread_in_native, id=16643, stack(0x0000700004d41000,0x0000700004e41000)]
  0x00007fdad618b000 JavaThread "Service Thread" daemon [_thread_blocked, id=14851, stack(0x0000700004c3e000,0x0000700004d3e000)]
  0x00007fdad6172000 JavaThread "C1 CompilerThread2" daemon [_thread_blocked, id=14339, stack(0x0000700004b3b000,0x0000700004c3b000)]
  0x00007fdad58e6800 JavaThread "C2 CompilerThread1" daemon [_thread_blocked, id=17155, stack(0x0000700004a38000,0x0000700004b38000)]
  0x00007fdad7980800 JavaThread "C2 CompilerThread0" daemon [_thread_blocked, id=17411, stack(0x0000700004935000,0x0000700004a35000)]
  0x00007fdad603a800 JavaThread "JDWP Command Reader" daemon [_thread_in_native, id=13571, stack(0x0000700004832000,0x0000700004932000)]
  0x00007fdad6039800 JavaThread "JDWP Event Helper Thread" daemon [_thread_blocked, id=17923, stack(0x000070000472f000,0x000070000482f000)]
  0x00007fdad6039000 JavaThread "JDWP Transport Listener: dt_socket" daemon [_thread_blocked, id=18183, stack(0x000070000462c000,0x000070000472c000)]
  0x00007fdad7821000 JavaThread "Signal Dispatcher" daemon [_thread_blocked, id=13059, stack(0x0000700004529000,0x0000700004629000)]
  0x00007fdad6036800 JavaThread "Finalizer" daemon [_thread_blocked, id=20483, stack(0x0000700004320000,0x0000700004420000)]
  0x00007fdad7818000 JavaThread "Reference Handler" daemon [_thread_blocked, id=20995, stack(0x000070000421d000,0x000070000431d000)]
  0x00007fdad7809000 JavaThread "main" [_thread_blocked, id=3587, stack(0x0000700003c0b000,0x0000700003d0b000)]

Other Threads:
=>0x00007fdad582a800 VMThread [stack: 0x000070000411a000,0x000070000421a000] [id=21251]
  0x00007fdad7acb800 WatcherThread [stack: 0x000070000504a000,0x000070000514a000] [id=21763]

VM state:at safepoint (normal execution)

VM Mutex/Monitor currently owned by a thread:  ([mutex/lock_event])
[0x00007fdad5406080] Threads_lock - owner thread: 0x00007fdad582a800

heap address: 0x0000000740000000, size: 2048 MB, Compressed Oops mode: Zero based, Oop shift amount: 3
Narrow klass base: 0x0000000000000000, Narrow klass shift: 3
Compressed class space size: 1073741824 Address: 0x00000007c0000000

Heap:
 PSYoungGen      total 249344K, used 64519K [0x0000000795580000, 0x00000007a5700000, 0x00000007c0000000)
  eden space 240128K, 23% used [0x0000000795580000,0x0000000798b82e78,0x00000007a4000000)
  from space 9216K, 99% used [0x00000007a4e00000,0x00000007a56fefe0,0x00000007a5700000)
  to   space 11264K, 0% used [0x00000007a4100000,0x00000007a4100000,0x00000007a4c00000)
 ParOldGen       total 46592K, used 7846K [0x0000000740000000, 0x0000000742d80000, 0x0000000795580000)
  object space 46592K, 16% used [0x0000000740000000,0x00000007407a9b30,0x0000000742d80000)
 Metaspace       used 30139K, capacity 32294K, committed 32384K, reserved 1077248K
  class space    used 4039K, capacity 4431K, committed 4480K, reserved 1048576K

Card table byte_map: [0x0000000103862000,0x0000000103c63000] byte_map_base: 0x00000000ffe62000

Marking Bits: (ParMarkBitMap*) 0x0000000102d00f60
 Begin Bits: [0x0000000103f0e000, 0x0000000105f0e000)
 End Bits:   [0x0000000105f0e000, 0x0000000107f0e000)

Polling page: 0x0000000101be9000

CodeCache: size=245760Kb used=7257Kb max_used=7296Kb free=238502Kb
 bounds [0x00000001116ed000, 0x0000000111e1d000, 0x00000001206ed000]
 total_blobs=3785 nmethods=3381 adapters=325
 compilation: enabled

Compilation events (10 events):
Event: 88.205 Thread 0x00007fdad6172000 3403       1       org.apache.catalina.LifecycleEvent::getType (5 bytes)
Event: 88.205 Thread 0x00007fdad6172000 nmethod 3403 0x0000000111bc60d0 code [0x0000000111bc6220, 0x0000000111bc6330]
Event: 118.209 Thread 0x00007fdad6172000 3404       1       java.util.EventObject::<init> (24 bytes)
Event: 118.210 Thread 0x00007fdad6172000 nmethod 3404 0x0000000111bc5c90 code [0x0000000111bc5e00, 0x0000000111bc5fe8]
Event: 138.212 Thread 0x00007fdad6172000 3405       1       org.apache.catalina.util.LifecycleBase::getState (5 bytes)
Event: 138.212 Thread 0x00007fdad6172000 nmethod 3405 0x0000000111bc59d0 code [0x0000000111bc5b20, 0x0000000111bc5c30]
Event: 167.176 Thread 0x00007fdad6172000 3406       1       java.io.ObjectInputStream$HandleTable::size (5 bytes)
Event: 167.176 Thread 0x00007fdad6172000 nmethod 3406 0x0000000111bc5710 code [0x0000000111bc5860, 0x0000000111bc5970]
Event: 168.222 Thread 0x00007fdad6172000 3407       1       org.apache.catalina.LifecycleState::isAvailable (5 bytes)
Event: 168.222 Thread 0x00007fdad6172000 nmethod 3407 0x0000000111bc5450 code [0x0000000111bc55a0, 0x0000000111bc56b0]

GC Heap History (10 events):
Event: 2.568 GC heap before
{Heap before GC invocations=5 (full 0):
 PSYoungGen      total 71680K, used 71663K [0x0000000795580000, 0x000000079a080000, 0x00000007c0000000)
  eden space 66560K, 100% used [0x0000000795580000,0x0000000799680000,0x0000000799680000)
  from space 5120K, 99% used [0x0000000799b80000,0x000000079a07be00,0x000000079a080000)
  to   space 5120K, 0% used [0x0000000799680000,0x0000000799680000,0x0000000799b80000)
 ParOldGen       total 87552K, used 990K [0x0000000740000000, 0x0000000745580000, 0x0000000795580000)
  object space 87552K, 1% used [0x0000000740000000,0x00000007400f7950,0x0000000745580000)
 Metaspace       used 20351K, capacity 21212K, committed 21248K, reserved 1067008K
  class space    used 2578K, capacity 2789K, committed 2816K, reserved 1048576K
Event: 2.577 GC heap after
Heap after GC invocations=5 (full 0):
 PSYoungGen      total 71680K, used 5105K [0x0000000795580000, 0x000000079e980000, 0x00000007c0000000)
  eden space 66560K, 0% used [0x0000000795580000,0x0000000795580000,0x0000000799680000)
  from space 5120K, 99% used [0x0000000799680000,0x0000000799b7c740,0x0000000799b80000)
  to   space 9216K, 0% used [0x000000079e080000,0x000000079e080000,0x000000079e980000)
 ParOldGen       total 87552K, used 4797K [0x0000000740000000, 0x0000000745580000, 0x0000000795580000)
  object space 87552K, 5% used [0x0000000740000000,0x00000007404af6b8,0x0000000745580000)
 Metaspace       used 20351K, capacity 21212K, committed 21248K, reserved 1067008K
  class space    used 2578K, capacity 2789K, committed 2816K, reserved 1048576K
}
Event: 2.582 GC heap before
{Heap before GC invocations=6 (full 0):
 PSYoungGen      total 71680K, used 5839K [0x0000000795580000, 0x000000079e980000, 0x00000007c0000000)
  eden space 66560K, 1% used [0x0000000795580000,0x0000000795637640,0x0000000799680000)
  from space 5120K, 99% used [0x0000000799680000,0x0000000799b7c740,0x0000000799b80000)
  to   space 9216K, 0% used [0x000000079e080000,0x000000079e080000,0x000000079e980000)
 ParOldGen       total 87552K, used 4797K [0x0000000740000000, 0x0000000745580000, 0x0000000795580000)
  object space 87552K, 5% used [0x0000000740000000,0x00000007404af6b8,0x0000000745580000)
 Metaspace       used 20355K, capacity 21212K, committed 21248K, reserved 1067008K
  class space    used 2578K, capacity 2789K, committed 2816K, reserved 1048576K
Event: 2.587 GC heap after
Heap after GC invocations=6 (full 0):
 PSYoungGen      total 141312K, used 5125K [0x0000000795580000, 0x000000079e880000, 0x00000007c0000000)
  eden space 133120K, 0% used [0x0000000795580000,0x0000000795580000,0x000000079d780000)
  from space 8192K, 62% used [0x000000079e080000,0x000000079e5815f0,0x000000079e880000)
  to   space 8704K, 0% used [0x000000079d780000,0x000000079d780000,0x000000079e000000)
 ParOldGen       total 87552K, used 4805K [0x0000000740000000, 0x0000000745580000, 0x0000000795580000)
  object space 87552K, 5% used [0x0000000740000000,0x00000007404b16b8,0x0000000745580000)
 Metaspace       used 20355K, capacity 21212K, committed 21248K, reserved 1067008K
  class space    used 2578K, capacity 2789K, committed 2816K, reserved 1048576K
}
Event: 2.588 GC heap before
{Heap before GC invocations=7 (full 1):
 PSYoungGen      total 141312K, used 5125K [0x0000000795580000, 0x000000079e880000, 0x00000007c0000000)
  eden space 133120K, 0% used [0x0000000795580000,0x0000000795580000,0x000000079d780000)
  from space 8192K, 62% used [0x000000079e080000,0x000000079e5815f0,0x000000079e880000)
  to   space 8704K, 0% used [0x000000079d780000,0x000000079d780000,0x000000079e000000)
 ParOldGen       total 87552K, used 4805K [0x0000000740000000, 0x0000000745580000, 0x0000000795580000)
  object space 87552K, 5% used [0x0000000740000000,0x00000007404b16b8,0x0000000745580000)
 Metaspace       used 20355K, capacity 21212K, committed 21248K, reserved 1067008K
  class space    used 2578K, capacity 2789K, committed 2816K, reserved 1048576K
Event: 2.639 GC heap after
Heap after GC invocations=7 (full 1):
 PSYoungGen      total 141312K, used 0K [0x0000000795580000, 0x000000079e880000, 0x00000007c0000000)
  eden space 133120K, 0% used [0x0000000795580000,0x0000000795580000,0x000000079d780000)
  from space 8192K, 0% used [0x000000079e080000,0x000000079e080000,0x000000079e880000)
  to   space 8704K, 0% used [0x000000079d780000,0x000000079d780000,0x000000079e000000)
 ParOldGen       total 46592K, used 5682K [0x0000000740000000, 0x0000000742d80000, 0x0000000795580000)
  object space 46592K, 12% used [0x0000000740000000,0x000000074058c8f0,0x0000000742d80000)
 Metaspace       used 20355K, capacity 21212K, committed 21248K, reserved 1067008K
  class space    used 2578K, capacity 2789K, committed 2816K, reserved 1048576K
}
Event: 4.145 GC heap before
{Heap before GC invocations=8 (full 1):
 PSYoungGen      total 141312K, used 133120K [0x0000000795580000, 0x000000079e880000, 0x00000007c0000000)
  eden space 133120K, 100% used [0x0000000795580000,0x000000079d780000,0x000000079d780000)
  from space 8192K, 0% used [0x000000079e080000,0x000000079e080000,0x000000079e880000)
  to   space 8704K, 0% used [0x000000079d780000,0x000000079d780000,0x000000079e000000)
 ParOldGen       total 46592K, used 5682K [0x0000000740000000, 0x0000000742d80000, 0x0000000795580000)
  object space 46592K, 12% used [0x0000000740000000,0x000000074058c8f0,0x0000000742d80000)
 Metaspace       used 23325K, capacity 24466K, committed 24576K, reserved 1071104K
  class space    used 3027K, capacity 3271K, committed 3328K, reserved 1048576K
Event: 4.153 GC heap after
Heap after GC invocations=8 (full 1):
 PSYoungGen      total 141824K, used 7666K [0x0000000795580000, 0x00000007a5700000, 0x00000007c0000000)
  eden space 133120K, 0% used [0x0000000795580000,0x0000000795580000,0x000000079d780000)
  from space 8704K, 88% used [0x000000079d780000,0x000000079defc900,0x000000079e000000)
  to   space 9216K, 0% used [0x00000007a4e00000,0x00000007a4e00000,0x00000007a5700000)
 ParOldGen       total 46592K, used 5690K [0x0000000740000000, 0x0000000742d80000, 0x0000000795580000)
  object space 46592K, 12% used [0x0000000740000000,0x000000074058e8f0,0x0000000742d80000)
 Metaspace       used 23325K, capacity 24466K, committed 24576K, reserved 1071104K
  class space    used 3027K, capacity 3271K, committed 3328K, reserved 1048576K
}
Event: 8.077 GC heap before
{Heap before GC invocations=9 (full 1):
 PSYoungGen      total 141824K, used 140786K [0x0000000795580000, 0x00000007a5700000, 0x00000007c0000000)
  eden space 133120K, 100% used [0x0000000795580000,0x000000079d780000,0x000000079d780000)
  from space 8704K, 88% used [0x000000079d780000,0x000000079defc900,0x000000079e000000)
  to   space 9216K, 0% used [0x00000007a4e00000,0x00000007a4e00000,0x00000007a5700000)
 ParOldGen       total 46592K, used 5690K [0x0000000740000000, 0x0000000742d80000, 0x0000000795580000)
  object space 46592K, 12% used [0x0000000740000000,0x000000074058e8f0,0x0000000742d80000)
 Metaspace       used 28737K, capacity 30758K, committed 30848K, reserved 1075200K
  class space    used 3817K, capacity 4192K, committed 4224K, reserved 1048576K
Event: 8.103 GC heap after
Heap after GC invocations=9 (full 1):
 PSYoungGen      total 249344K, used 9211K [0x0000000795580000, 0x00000007a5700000, 0x00000007c0000000)
  eden space 240128K, 0% used [0x0000000795580000,0x0000000795580000,0x00000007a4000000)
  from space 9216K, 99% used [0x00000007a4e00000,0x00000007a56fefe0,0x00000007a5700000)
  to   space 11264K, 0% used [0x00000007a4100000,0x00000007a4100000,0x00000007a4c00000)
 ParOldGen       total 46592K, used 7846K [0x0000000740000000, 0x0000000742d80000, 0x0000000795580000)
  object space 46592K, 16% used [0x0000000740000000,0x00000007407a9b30,0x0000000742d80000)
 Metaspace       used 28737K, capacity 30758K, committed 30848K, reserved 1075200K
  class space    used 3817K, capacity 4192K, committed 4224K, reserved 1048576K
}

Deoptimization events (0 events):
No events

Classes redefined (2 events):
Event: 145.348 Thread 0x00007fdad582a800 redefined class name=com.example.demo.security.SecurityConfig, count=1
Event: 172.458 Thread 0x00007fdad582a800 redefined class name=com.example.demo.security.SecurityConfig, count=2

Internal exceptions (10 events):
Event: 31.427 Thread 0x00007fdad7acc000 Exception <a 'java/lang/ClassNotFoundException': org/springframework/context/support/LiveBeansView> (0x00000007984f1398) thrown at [/jenkins/workspace/8-2-build-macosx-x86_64/jdk8u251/737/hotspot/src/share/vm/classfile/systemDictionary.cpp, line 210]
Event: 31.427 Thread 0x00007fdad7acc000 Exception <a 'java/lang/ClassNotFoundException': org/springframework/context/support/LiveBeansView> (0x00000007984f16c8) thrown at [/jenkins/workspace/8-2-build-macosx-x86_64/jdk8u251/737/hotspot/src/share/vm/classfile/systemDictionary.cpp, line 210]
Event: 31.427 Thread 0x00007fdad7acc000 Exception <a 'java/lang/ClassNotFoundException': org/springframework/context/support/LiveBeansView> (0x00000007984f1a20) thrown at [/jenkins/workspace/8-2-build-macosx-x86_64/jdk8u251/737/hotspot/src/share/vm/classfile/systemDictionary.cpp, line 210]
Event: 31.427 Thread 0x00007fdad7acc000 Exception <a 'java/lang/ClassNotFoundException': org/springframework/context/support/LiveBeansView> (0x00000007984f1d50) thrown at [/jenkins/workspace/8-2-build-macosx-x86_64/jdk8u251/737/hotspot/src/share/vm/classfile/systemDictionary.cpp, line 210]
Event: 31.427 Thread 0x00007fdad7acc000 Exception <a 'java/lang/ClassNotFoundException': org/springframework/context/support/LiveBeansView> (0x00000007984f20b0) thrown at [/jenkins/workspace/8-2-build-macosx-x86_64/jdk8u251/737/hotspot/src/share/vm/classfile/systemDictionary.cpp, line 210]
Event: 31.429 Thread 0x00007fdad7acc000 Exception <a 'java/lang/ClassNotFoundException': org/springframework/context/support/LiveBeansView> (0x0000000798512d38) thrown at [/jenkins/workspace/8-2-build-macosx-x86_64/jdk8u251/737/hotspot/src/share/vm/classfile/systemDictionary.cpp, line 210]
Event: 31.429 Thread 0x00007fdad7acc000 Exception <a 'java/lang/ClassNotFoundException': org/springframework/context/support/LiveBeansView> (0x0000000798513090) thrown at [/jenkins/workspace/8-2-build-macosx-x86_64/jdk8u251/737/hotspot/src/share/vm/classfile/systemDictionary.cpp, line 210]
Event: 31.429 Thread 0x00007fdad7acc000 Exception <a 'java/lang/ClassNotFoundException': org/springframework/context/support/LiveBeansView> (0x00000007985133d8) thrown at [/jenkins/workspace/8-2-build-macosx-x86_64/jdk8u251/737/hotspot/src/share/vm/classfile/systemDictionary.cpp, line 210]
Event: 31.432 Thread 0x00007fdad7acc000 Exception <a 'java/security/PrivilegedActionException'> (0x0000000798516940) thrown at [/jenkins/workspace/8-2-build-macosx-x86_64/jdk8u251/737/hotspot/src/share/vm/prims/jvm.cpp, line 1502]
Event: 31.432 Thread 0x00007fdad7acc000 Exception <a 'java/lang/reflect/InvocationTargetException'> (0x0000000798516b50) thrown at [/jenkins/workspace/8-2-build-macosx-x86_64/jdk8u251/737/hotspot/src/share/vm/runtime/reflection.cpp, line 1092]

Events (10 events):
Event: 172.521 Executing VM operation: GetCurrentContendedMonitor done
Event: 172.522 Executing VM operation: GetOwnedMonitorInfo
Event: 172.522 Executing VM operation: GetOwnedMonitorInfo done
Event: 172.522 Executing VM operation: GetCurrentContendedMonitor
Event: 172.522 Executing VM operation: GetCurrentContendedMonitor done
Event: 172.526 Executing VM operation: GetCurrentContendedMonitor
Event: 172.526 Executing VM operation: GetCurrentContendedMonitor done
Event: 172.527 Executing VM operation: GetOwnedMonitorInfo
Event: 172.527 Executing VM operation: GetOwnedMonitorInfo done
Event: 172.753 Executing VM operation: GetOrSetLocal


Dynamic libraries:
0x00007fff376cd000 	/System/Library/Frameworks/Cocoa.framework/Versions/A/Cocoa
0x00007fff44ec6000 	/System/Library/Frameworks/Security.framework/Versions/A/Security
0x00007fff36632000 	/System/Library/Frameworks/ApplicationServices.framework/Versions/A/ApplicationServices
0x00007fff71b83000 	/usr/lib/libz.1.dylib
0x00007fff6f647000 	/usr/lib/libSystem.B.dylib
0x00007fff714a7000 	/usr/lib/libobjc.A.dylib
0x00007fff3856f000 	/System/Library/Frameworks/CoreFoundation.framework/Versions/A/CoreFoundation
0x00007fff3ac2c000 	/System/Library/Frameworks/Foundation.framework/Versions/C/Foundation
0x00007fff35822000 	/System/Library/Frameworks/AppKit.framework/Versions/C/AppKit
0x00007fff38051000 	/System/Library/Frameworks/CoreData.framework/Versions/A/CoreData
0x00007fff6965c000 	/System/Library/PrivateFrameworks/UIFoundation.framework/Versions/A/UIFoundation
0x00007fff646f0000 	/System/Library/PrivateFrameworks/RemoteViewServices.framework/Versions/A/RemoteViewServices
0x00007fff6c1b7000 	/System/Library/PrivateFrameworks/XCTTargetBootstrap.framework/Versions/A/XCTTargetBootstrap
0x00007fff3843c000 	/System/Library/Frameworks/CoreDisplay.framework/Versions/A/CoreDisplay
0x00007fff3dae7000 	/System/Library/Frameworks/Metal.framework/Versions/A/Metal
0x00007fff526dd000 	/System/Library/PrivateFrameworks/DesktopServicesPriv.framework/Versions/A/DesktopServicesPriv
0x00007fff70782000 	/usr/lib/liblangid.dylib
0x00007fff51972000 	/System/Library/PrivateFrameworks/CoreSVG.framework/Versions/A/CoreSVG
0x00007fff6784c000 	/System/Library/PrivateFrameworks/SkyLight.framework/Versions/A/SkyLight
0x00007fff389f0000 	/System/Library/Frameworks/CoreGraphics.framework/Versions/A/CoreGraphics
0x00007fff341f6000 	/System/Library/Frameworks/Accelerate.framework/Versions/A/Accelerate
0x00007fff71a74000 	/usr/lib/libxml2.2.dylib
0x00007fff5d67b000 	/System/Library/PrivateFrameworks/IconServices.framework/Versions/A/IconServices
0x00007fff3b40b000 	/System/Library/Frameworks/IOSurface.framework/Versions/A/IOSurface
0x00007fff6f171000 	/usr/lib/libDiagnosticMessagesClient.dylib
0x00007fff52537000 	/System/Library/PrivateFrameworks/DFRFoundation.framework/Versions/A/DFRFoundation
0x00007fff70511000 	/usr/lib/libicucore.A.dylib
0x00007fff36964000 	/System/Library/Frameworks/AudioToolbox.framework/Versions/A/AudioToolbox
0x00007fff36a47000 	/System/Library/Frameworks/AudioUnit.framework/Versions/A/AudioUnit
0x00007fff6f849000 	/usr/lib/libauto.dylib
0x00007fff525d9000 	/System/Library/PrivateFrameworks/DataDetectorsCore.framework/Versions/A/DataDetectorsCore
0x00007fff371ee000 	/System/Library/Frameworks/Carbon.framework/Versions/A/Frameworks/HIToolbox.framework/Versions/A/HIToolbox
0x00007fff440c0000 	/System/Library/Frameworks/QuartzCore.framework/Versions/A/QuartzCore
0x00007fff3752d000 	/System/Library/Frameworks/Carbon.framework/Versions/A/Frameworks/SpeechRecognition.framework/Versions/A/SpeechRecognition
0x00007fff5204b000 	/System/Library/PrivateFrameworks/CoreUI.framework/Versions/A/CoreUI
0x00007fff37abc000 	/System/Library/Frameworks/CoreAudio.framework/Versions/A/CoreAudio
0x00007fff3a8eb000 	/System/Library/Frameworks/DiskArbitration.framework/Versions/A/DiskArbitration
0x00007fff5f6cb000 	/System/Library/PrivateFrameworks/MultitouchSupport.framework/Versions/A/MultitouchSupport
0x00007fff703d8000 	/usr/lib/libenergytrace.dylib
0x00007fff3b365000 	/System/Library/Frameworks/IOKit.framework/Versions/A/IOKit
0x00007fff39957000 	/System/Library/Frameworks/CoreServices.framework/Versions/A/CoreServices
0x00007fff61883000 	/System/Library/PrivateFrameworks/PerformanceAnalysis.framework/Versions/A/PerformanceAnalysis
0x00007fff430f3000 	/System/Library/Frameworks/OpenGL.framework/Versions/A/OpenGL
0x00007fff376db000 	/System/Library/Frameworks/ColorSync.framework/Versions/A/ColorSync
0x00007fff39073000 	/System/Library/Frameworks/CoreImage.framework/Versions/A/CoreImage
0x00007fff3a3ca000 	/System/Library/Frameworks/CoreText.framework/Versions/A/CoreText
0x00007fff3b49b000 	/System/Library/Frameworks/ImageIO.framework/Versions/A/ImageIO
0x00007fff6f92d000 	/usr/lib/libc++.1.dylib
0x00007fff6f9a9000 	/usr/lib/libcompression.dylib
0x00007fff6f4b5000 	/usr/lib/libMobileGestalt.dylib
0x00007fff693c6000 	/System/Library/PrivateFrameworks/TextureIO.framework/Versions/A/TextureIO
0x00007fff6f7ac000 	/usr/lib/libate.dylib
0x00007fff5d884000 	/System/Library/PrivateFrameworks/InternationalSupport.framework/Versions/A/InternationalSupport
0x00007fff72444000 	/usr/lib/system/libcache.dylib
0x00007fff7244a000 	/usr/lib/system/libcommonCrypto.dylib
0x00007fff72456000 	/usr/lib/system/libcompiler_rt.dylib
0x00007fff7245e000 	/usr/lib/system/libcopyfile.dylib
0x00007fff72468000 	/usr/lib/system/libcorecrypto.dylib
0x00007fff72607000 	/usr/lib/system/libdispatch.dylib
0x00007fff72648000 	/usr/lib/system/libdyld.dylib
0x00007fff7267f000 	/usr/lib/system/libkeymgr.dylib
0x00007fff7268d000 	/usr/lib/system/liblaunch.dylib
0x00007fff7268e000 	/usr/lib/system/libmacho.dylib
0x00007fff72694000 	/usr/lib/system/libquarantine.dylib
0x00007fff72697000 	/usr/lib/system/libremovefile.dylib
0x00007fff72699000 	/usr/lib/system/libsystem_asl.dylib
0x00007fff726b1000 	/usr/lib/system/libsystem_blocks.dylib
0x00007fff726b2000 	/usr/lib/system/libsystem_c.dylib
0x00007fff7273a000 	/usr/lib/system/libsystem_configuration.dylib
0x00007fff7273e000 	/usr/lib/system/libsystem_coreservices.dylib
0x00007fff72742000 	/usr/lib/system/libsystem_darwin.dylib
0x00007fff7274b000 	/usr/lib/system/libsystem_dnssd.dylib
0x00007fff72753000 	/usr/lib/system/libsystem_featureflags.dylib
0x00007fff72755000 	/usr/lib/system/libsystem_info.dylib
0x00007fff727d0000 	/usr/lib/system/libsystem_m.dylib
0x00007fff72818000 	/usr/lib/system/libsystem_malloc.dylib
0x00007fff72840000 	/usr/lib/system/libsystem_networkextension.dylib
0x00007fff7284e000 	/usr/lib/system/libsystem_notify.dylib
0x00007fff7286c000 	/usr/lib/system/libsystem_sandbox.dylib
0x00007fff72871000 	/usr/lib/system/libsystem_secinit.dylib
0x00007fff727a3000 	/usr/lib/system/libsystem_kernel.dylib
0x00007fff72858000 	/usr/lib/system/libsystem_platform.dylib
0x00007fff72861000 	/usr/lib/system/libsystem_pthread.dylib
0x00007fff72874000 	/usr/lib/system/libsystem_symptoms.dylib
0x00007fff7287c000 	/usr/lib/system/libsystem_trace.dylib
0x00007fff72894000 	/usr/lib/system/libunwind.dylib
0x00007fff7289a000 	/usr/lib/system/libxpc.dylib
0x00007fff6f980000 	/usr/lib/libc++abi.dylib
0x00007fff70784000 	/usr/lib/liblzma.5.dylib
0x00007fff703ff000 	/usr/lib/libfakelink.dylib
0x00007fff6f739000 	/usr/lib/libarchive.2.dylib
0x00007fff45f77000 	/System/Library/Frameworks/SystemConfiguration.framework/Versions/A/SystemConfiguration
0x00007fff6f0a4000 	/usr/lib/libCRFSuite.dylib
0x00007fff36dde000 	/System/Library/Frameworks/CFNetwork.framework/Versions/A/CFNetwork
0x00007fff6f90f000 	/usr/lib/libbsm.0.dylib
0x00007fff72680000 	/usr/lib/system/libkxld.dylib
0x00007fff4beb4000 	/System/Library/PrivateFrameworks/AppleFSCompression.framework/Versions/A/AppleFSCompression
0x00007fff6fc9a000 	/usr/lib/libcoretls.dylib
0x00007fff6fcb1000 	/usr/lib/libcoretls_cfhelpers.dylib
0x00007fff714ed000 	/usr/lib/libpam.2.dylib
0x00007fff71622000 	/usr/lib/libsqlite3.dylib
0x00007fff71a61000 	/usr/lib/libxar.1.dylib
0x00007fff6f920000 	/usr/lib/libbz2.1.0.dylib
0x00007fff70420000 	/usr/lib/libiconv.2.dylib
0x00007fff6f996000 	/usr/lib/libcharset.1.dylib
0x00007fff70f8a000 	/usr/lib/libnetwork.dylib
0x00007fff714f4000 	/usr/lib/libpcap.A.dylib
0x00007fff6f6ee000 	/usr/lib/libapple_nghttp2.dylib
0x00007fff39d0e000 	/System/Library/Frameworks/CoreServices.framework/Versions/A/Frameworks/FSEvents.framework/Versions/A/FSEvents
0x00007fff399de000 	/System/Library/Frameworks/CoreServices.framework/Versions/A/Frameworks/CarbonCore.framework/Versions/A/CarbonCore
0x00007fff39f52000 	/System/Library/Frameworks/CoreServices.framework/Versions/A/Frameworks/Metadata.framework/Versions/A/Metadata
0x00007fff39feb000 	/System/Library/Frameworks/CoreServices.framework/Versions/A/Frameworks/OSServices.framework/Versions/A/OSServices
0x00007fff3a019000 	/System/Library/Frameworks/CoreServices.framework/Versions/A/Frameworks/SearchKit.framework/Versions/A/SearchKit
0x00007fff39958000 	/System/Library/Frameworks/CoreServices.framework/Versions/A/Frameworks/AE.framework/Versions/A/AE
0x00007fff39d17000 	/System/Library/Frameworks/CoreServices.framework/Versions/A/Frameworks/LaunchServices.framework/Versions/A/LaunchServices
0x00007fff39cc0000 	/System/Library/Frameworks/CoreServices.framework/Versions/A/Frameworks/DictionaryServices.framework/Versions/A/DictionaryServices
0x00007fff3a081000 	/System/Library/Frameworks/CoreServices.framework/Versions/A/Frameworks/SharedFileList.framework/Versions/A/SharedFileList
0x00007fff3ef12000 	/System/Library/Frameworks/NetFS.framework/Versions/A/NetFS
0x00007fff5fbfb000 	/System/Library/PrivateFrameworks/NetAuth.framework/Versions/A/NetAuth
0x00007fff6c584000 	/System/Library/PrivateFrameworks/login.framework/Versions/A/Frameworks/loginsupport.framework/Versions/A/loginsupport
0x00007fff68e91000 	/System/Library/PrivateFrameworks/TCC.framework/Versions/A/TCC
0x00007fff50ae5000 	/System/Library/PrivateFrameworks/CoreNLP.framework/Versions/A/CoreNLP
0x00007fff5f0f8000 	/System/Library/PrivateFrameworks/MetadataUtilities.framework/Versions/A/MetadataUtilities
0x00007fff7085c000 	/usr/lib/libmecabra.dylib
0x00007fff707b4000 	/usr/lib/libmecab.dylib
0x00007fff70410000 	/usr/lib/libgermantok.dylib
0x00007fff6f6d5000 	/usr/lib/libThaiTokenizer.dylib
0x00007fff6f0db000 	/usr/lib/libChineseTokenizer.dylib
0x00007fff3420e000 	/System/Library/Frameworks/Accelerate.framework/Versions/A/Frameworks/vImage.framework/Versions/A/vImage
0x00007fff35678000 	/System/Library/Frameworks/Accelerate.framework/Versions/A/Frameworks/vecLib.framework/Versions/A/vecLib
0x00007fff355b5000 	/System/Library/Frameworks/Accelerate.framework/Versions/A/Frameworks/vecLib.framework/Versions/A/libvMisc.dylib
0x00007fff353dd000 	/System/Library/Frameworks/Accelerate.framework/Versions/A/Frameworks/vecLib.framework/Versions/A/libvDSP.dylib
0x00007fff34865000 	/System/Library/Frameworks/Accelerate.framework/Versions/A/Frameworks/vecLib.framework/Versions/A/libBLAS.dylib
0x00007fff34fa1000 	/System/Library/Frameworks/Accelerate.framework/Versions/A/Frameworks/vecLib.framework/Versions/A/libLAPACK.dylib
0x00007fff3533d000 	/System/Library/Frameworks/Accelerate.framework/Versions/A/Frameworks/vecLib.framework/Versions/A/libLinearAlgebra.dylib
0x00007fff353ca000 	/System/Library/Frameworks/Accelerate.framework/Versions/A/Frameworks/vecLib.framework/Versions/A/libSparseBLAS.dylib
0x00007fff35353000 	/System/Library/Frameworks/Accelerate.framework/Versions/A/Frameworks/vecLib.framework/Versions/A/libQuadrature.dylib
0x00007fff34acd000 	/System/Library/Frameworks/Accelerate.framework/Versions/A/Frameworks/vecLib.framework/Versions/A/libBNNS.dylib
0x00007fff35359000 	/System/Library/Frameworks/Accelerate.framework/Versions/A/Frameworks/vecLib.framework/Versions/A/libSparse.dylib
0x00007fff5dc6c000 	/System/Library/PrivateFrameworks/LanguageModeling.framework/Versions/A/LanguageModeling
0x00007fff50495000 	/System/Library/PrivateFrameworks/CoreEmoji.framework/Versions/A/CoreEmoji
0x00007fff5dd8a000 	/System/Library/PrivateFrameworks/LinguisticData.framework/Versions/A/LinguisticData
0x00007fff5dd3b000 	/System/Library/PrivateFrameworks/Lexicon.framework/Versions/A/Lexicon
0x00007fff6f997000 	/usr/lib/libcmph.dylib
0x00007fff41b01000 	/System/Library/Frameworks/OpenDirectory.framework/Versions/A/Frameworks/CFOpenDirectory.framework/Versions/A/CFOpenDirectory
0x00007fff41b1e000 	/System/Library/Frameworks/OpenDirectory.framework/Versions/A/OpenDirectory
0x00007fff49f61000 	/System/Library/PrivateFrameworks/APFS.framework/Versions/A/APFS
0x00007fff45210000 	/System/Library/Frameworks/SecurityFoundation.framework/Versions/A/SecurityFoundation
0x00007fff71a5d000 	/usr/lib/libutil.dylib
0x00007fff519ca000 	/System/Library/PrivateFrameworks/CoreServicesStore.framework/Versions/A/CoreServicesStore
0x00007fff452c7000 	/System/Library/Frameworks/ServiceManagement.framework/Versions/A/ServiceManagement
0x00007fff4d684000 	/System/Library/PrivateFrameworks/BackgroundTaskManagement.framework/Versions/A/BackgroundTaskManagement
0x00007fff71b5a000 	/usr/lib/libxslt.1.dylib
0x00007fff4c527000 	/System/Library/PrivateFrameworks/AppleSystemInfo.framework/Versions/A/AppleSystemInfo
0x00007fff3b6b6000 	/System/Library/Frameworks/ImageIO.framework/Versions/A/Resources/libJPEG.dylib
0x00007fff3b975000 	/System/Library/Frameworks/ImageIO.framework/Versions/A/Resources/libTIFF.dylib
0x00007fff3b958000 	/System/Library/Frameworks/ImageIO.framework/Versions/A/Resources/libPng.dylib
0x00007fff3b5f8000 	/System/Library/Frameworks/ImageIO.framework/Versions/A/Resources/libGIF.dylib
0x00007fff3b5fc000 	/System/Library/Frameworks/ImageIO.framework/Versions/A/Resources/libJP2.dylib
0x00007fff3b973000 	/System/Library/Frameworks/ImageIO.framework/Versions/A/Resources/libRadiance.dylib
0x00007fff703d9000 	/usr/lib/libexpat.1.dylib
0x00007fff4c00f000 	/System/Library/PrivateFrameworks/AppleJPEG.framework/Versions/A/AppleJPEG
0x00007fff54ce0000 	/System/Library/PrivateFrameworks/FontServices.framework/libFontParser.dylib
0x00007fff6b586000 	/System/Library/PrivateFrameworks/WatchdogClient.framework/Versions/A/WatchdogClient
0x00007fff5d2c7000 	/System/Library/PrivateFrameworks/IOAccelerator.framework/Versions/A/IOAccelerator
0x00007fff3de82000 	/System/Library/Frameworks/MetalPerformanceShaders.framework/Versions/A/MetalPerformanceShaders
0x00007fff59a5d000 	/System/Library/PrivateFrameworks/GPUWrangler.framework/Versions/A/GPUWrangler
0x00007fff5d2dc000 	/System/Library/PrivateFrameworks/IOPresentment.framework/Versions/A/IOPresentment
0x00007fff5254a000 	/System/Library/PrivateFrameworks/DSExternalDisplay.framework/Versions/A/DSExternalDisplay
0x00007fff42492000 	/System/Library/Frameworks/OpenGL.framework/Versions/A/Libraries/libCoreFSCache.dylib
0x00007fff3dbce000 	/System/Library/Frameworks/MetalPerformanceShaders.framework/Frameworks/MPSCore.framework/Versions/A/MPSCore
0x00007fff3dc0c000 	/System/Library/Frameworks/MetalPerformanceShaders.framework/Frameworks/MPSImage.framework/Versions/A/MPSImage
0x00007fff3dcd3000 	/System/Library/Frameworks/MetalPerformanceShaders.framework/Frameworks/MPSNeuralNetwork.framework/Versions/A/MPSNeuralNetwork
0x00007fff3dc97000 	/System/Library/Frameworks/MetalPerformanceShaders.framework/Frameworks/MPSMatrix.framework/Versions/A/MPSMatrix
0x00007fff3de32000 	/System/Library/Frameworks/MetalPerformanceShaders.framework/Frameworks/MPSRayIntersector.framework/Versions/A/MPSRayIntersector
0x00007fff3dcbd000 	/System/Library/Frameworks/MetalPerformanceShaders.framework/Frameworks/MPSNDArray.framework/Versions/A/MPSNDArray
0x00007fff5f145000 	/System/Library/PrivateFrameworks/MetalTools.framework/Versions/A/MetalTools
0x00007fff4b13b000 	/System/Library/PrivateFrameworks/AggregateDictionary.framework/Versions/A/AggregateDictionary
0x00007fff4fedd000 	/System/Library/PrivateFrameworks/CoreAnalytics.framework/Versions/A/CoreAnalytics
0x00007fff4c446000 	/System/Library/PrivateFrameworks/AppleSauce.framework/Versions/A/AppleSauce
0x00007fff6f397000 	/usr/lib/libIOReport.dylib
0x00007fff3a582000 	/System/Library/Frameworks/CoreVideo.framework/Versions/A/CoreVideo
0x00007fff5aed6000 	/System/Library/PrivateFrameworks/GraphVisualizer.framework/Versions/A/GraphVisualizer
0x00007fff54226000 	/System/Library/PrivateFrameworks/FaceCore.framework/Versions/A/FaceCore
0x00007fff41aa8000 	/System/Library/Frameworks/OpenCL.framework/Versions/A/OpenCL
0x00007fff6f1b9000 	/usr/lib/libFosl_dynamic.dylib
0x00007fff6061b000 	/System/Library/PrivateFrameworks/OTSVG.framework/Versions/A/OTSVG
0x00007fff36737000 	/System/Library/Frameworks/ApplicationServices.framework/Versions/A/Frameworks/ATS.framework/Versions/A/Resources/libFontRegistry.dylib
0x00007fff54eb1000 	/System/Library/PrivateFrameworks/FontServices.framework/libhvf.dylib
0x00007fff4249d000 	/System/Library/Frameworks/OpenGL.framework/Versions/A/Libraries/libGFXShared.dylib
0x00007fff4267b000 	/System/Library/Frameworks/OpenGL.framework/Versions/A/Libraries/libGLU.dylib
0x00007fff424a6000 	/System/Library/Frameworks/OpenGL.framework/Versions/A/Libraries/libGL.dylib
0x00007fff424b1000 	/System/Library/Frameworks/OpenGL.framework/Versions/A/Libraries/libGLImage.dylib
0x00007fff4248f000 	/System/Library/Frameworks/OpenGL.framework/Versions/A/Libraries/libCVMSPluginSupport.dylib
0x00007fff42498000 	/System/Library/Frameworks/OpenGL.framework/Versions/A/Libraries/libCoreVMClient.dylib
0x00007fff70e2b000 	/usr/lib/libncurses.5.4.dylib
0x00007fff36633000 	/System/Library/Frameworks/ApplicationServices.framework/Versions/A/Frameworks/ATS.framework/Versions/A/ATS
0x00007fff36800000 	/System/Library/Frameworks/ApplicationServices.framework/Versions/A/Frameworks/ColorSyncLegacy.framework/Versions/A/ColorSyncLegacy
0x00007fff3689e000 	/System/Library/Frameworks/ApplicationServices.framework/Versions/A/Frameworks/HIServices.framework/Versions/A/HIServices
0x00007fff368f6000 	/System/Library/Frameworks/ApplicationServices.framework/Versions/A/Frameworks/LangAnalysis.framework/Versions/A/LangAnalysis
0x00007fff36905000 	/System/Library/Frameworks/ApplicationServices.framework/Versions/A/Frameworks/PrintCore.framework/Versions/A/PrintCore
0x00007fff3694b000 	/System/Library/Frameworks/ApplicationServices.framework/Versions/A/Frameworks/QD.framework/Versions/A/QD
0x00007fff36956000 	/System/Library/Frameworks/ApplicationServices.framework/Versions/A/Frameworks/SpeechSynthesis.framework/Versions/A/SpeechSynthesis
0x00007fff367d0000 	/System/Library/Frameworks/ApplicationServices.framework/Versions/A/Frameworks/ATSUI.framework/Versions/A/ATSUI
0x00007fff7026f000 	/usr/lib/libcups.2.dylib
0x00007fff3cf1d000 	/System/Library/Frameworks/Kerberos.framework/Versions/A/Kerberos
0x00007fff3b05e000 	/System/Library/Frameworks/GSS.framework/Versions/A/GSS
0x00007fff715ae000 	/usr/lib/libresolv.9.dylib
0x00007fff5b083000 	/System/Library/PrivateFrameworks/Heimdal.framework/Versions/A/Heimdal
0x00007fff3cf30000 	/System/Library/Frameworks/Kerberos.framework/Versions/A/Libraries/libHeimdalProxy.dylib
0x00007fff70416000 	/usr/lib/libheimdal-asn1.dylib
0x00007fff4f375000 	/System/Library/PrivateFrameworks/CommonAuth.framework/Versions/A/CommonAuth
0x00007fff4c5c4000 	/System/Library/PrivateFrameworks/AssertionServices.framework/Versions/A/AssertionServices
0x00007fff4d167000 	/System/Library/PrivateFrameworks/AudioToolboxCore.framework/Versions/A/AudioToolboxCore
0x00007fff6c234000 	/System/Library/PrivateFrameworks/caulk.framework/Versions/A/caulk
0x00007fff4d730000 	/System/Library/PrivateFrameworks/BaseBoard.framework/Versions/A/BaseBoard
0x00007fff6487e000 	/System/Library/PrivateFrameworks/RunningBoardServices.framework/Versions/A/RunningBoardServices
0x00007fff6188f000 	/System/Library/PrivateFrameworks/PersistentConnection.framework/Versions/A/PersistentConnection
0x00007fff64277000 	/System/Library/PrivateFrameworks/ProtocolBuffer.framework/Versions/A/ProtocolBuffer
0x00007fff4f399000 	/System/Library/PrivateFrameworks/CommonUtilities.framework/Versions/A/CommonUtilities
0x00007fff4d8be000 	/System/Library/PrivateFrameworks/Bom.framework/Versions/A/Bom
0x00007fff6f06a000 	/usr/lib/libAudioToolboxUtility.dylib
0x00007fff4d68e000 	/System/Library/PrivateFrameworks/Backup.framework/Versions/A/Backup
0x00007fff5246b000 	/System/Library/PrivateFrameworks/CrashReporterSupport.framework/Versions/A/CrashReporterSupport
0x00007fff66310000 	/System/Library/PrivateFrameworks/Sharing.framework/Versions/A/Sharing
0x00007fff4bbd2000 	/System/Library/PrivateFrameworks/Apple80211.framework/Versions/A/Apple80211
0x00007fff4d3ab000 	/System/Library/PrivateFrameworks/AuthKit.framework/Versions/A/AuthKit
0x00007fff52178000 	/System/Library/PrivateFrameworks/CoreUtils.framework/Versions/A/CoreUtils
0x00007fff3a5c7000 	/System/Library/Frameworks/CoreWLAN.framework/Versions/A/CoreWLAN
0x00007fff3b1eb000 	/System/Library/Frameworks/IOBluetooth.framework/Versions/A/IOBluetooth
0x00007fff5f44a000 	/System/Library/PrivateFrameworks/MobileKeyBag.framework/Versions/A/MobileKeyBag
0x00007fff50f7d000 	/System/Library/PrivateFrameworks/CorePhoneNumbers.framework/Versions/A/CorePhoneNumbers
0x00007fff4bfc2000 	/System/Library/PrivateFrameworks/AppleIDAuthSupport.framework/Versions/A/AppleIDAuthSupport
0x00007fff3ef1f000 	/System/Library/Frameworks/Network.framework/Versions/A/Network
0x00007fff5db18000 	/System/Library/PrivateFrameworks/KeychainCircle.framework/Versions/A/KeychainCircle
0x00007fff38018000 	/System/Library/Frameworks/CoreBluetooth.framework/Versions/A/CoreBluetooth
0x00007fff6838f000 	/System/Library/PrivateFrameworks/SpeechRecognitionCore.framework/Versions/A/SpeechRecognitionCore
0x0000000102400000 	/Library/Java/JavaVirtualMachines/jdk1.8.0_251.jdk/Contents/Home/jre/lib/server/libjvm.dylib
0x00007fff71930000 	/usr/lib/libstdc++.6.dylib
0x0000000101bdb000 	/Library/Java/JavaVirtualMachines/jdk1.8.0_251.jdk/Contents/Home/jre/lib/libverify.dylib
0x00000001033be000 	/Library/Java/JavaVirtualMachines/jdk1.8.0_251.jdk/Contents/Home/jre/lib/libjava.dylib
0x00000001033f4000 	/Library/Java/JavaVirtualMachines/jdk1.8.0_251.jdk/Contents/Home/jre/lib/libjdwp.dylib
0x0000000101bea000 	/Library/Java/JavaVirtualMachines/jdk1.8.0_251.jdk/Contents/Home/jre/lib/libnpt.dylib
0x000000010343f000 	/Library/Java/JavaVirtualMachines/jdk1.8.0_251.jdk/Contents/Home/jre/lib/libinstrument.dylib
0x0000000101bf7000 	/Library/Java/JavaVirtualMachines/jdk1.8.0_251.jdk/Contents/Home/jre/lib/libzip.dylib
0x000000010a879000 	/Library/Java/JavaVirtualMachines/jdk1.8.0_251.jdk/Contents/Home/jre/lib/libdt_socket.dylib
0x000000010ab34000 	/Library/Java/JavaVirtualMachines/jdk1.8.0_251.jdk/Contents/Home/jre/lib/libmanagement.dylib
0x000000010ab42000 	/Library/Java/JavaVirtualMachines/jdk1.8.0_251.jdk/Contents/Home/jre/lib/libnet.dylib
0x000000010ab59000 	/Library/Java/JavaVirtualMachines/jdk1.8.0_251.jdk/Contents/Home/jre/lib/libnio.dylib

VM Arguments:
jvm_args: -agentlib:jdwp=transport=dt_socket,suspend=y,address=localhost:55994 -Dcom.sun.management.jmxremote -Dcom.sun.management.jmxremote.port=55993 -Dcom.sun.management.jmxremote.authenticate=false -Dcom.sun.management.jmxremote.ssl=false -Djava.rmi.server.hostname=localhost -Dspring.jmx.enabled=true -Dspring.application.admin.enabled=true -Djava.security.egd=file:/dev/./urandom -Xverify:none -XX:TieredStopAtLevel=1 -Dspring.boot.project.name=demo -javaagent:/Users/costinmoraru/eclipse/jee-2020-03/Eclipse.app/Contents/Eclipse/configuration/org.eclipse.osgi/403/0/.cp/lib/javaagent-shaded.jar -Dfile.encoding=UTF-8 
java_command: com.example.demo.DemoApplication
java_class_path (initial): /Users/costinmoraru/workspace/corso-spring-boot/corso-spring-boot2/demo/target/classes:/Users/costinmoraru/.m2/repository/org/springframework/boot/spring-boot-starter-thymeleaf/2.4.0/spring-boot-starter-thymeleaf-2.4.0.jar:/Users/costinmoraru/.m2/repository/org/springframework/boot/spring-boot-starter/2.4.0/spring-boot-starter-2.4.0.jar:/Users/costinmoraru/.m2/repository/org/springframework/boot/spring-boot-starter-logging/2.4.0/spring-boot-starter-logging-2.4.0.jar:/Users/costinmoraru/.m2/repository/ch/qos/logback/logback-classic/1.2.3/logback-classic-1.2.3.jar:/Users/costinmoraru/.m2/repository/ch/qos/logback/logback-core/1.2.3/logback-core-1.2.3.jar:/Users/costinmoraru/.m2/repository/org/apache/logging/log4j/log4j-to-slf4j/2.13.3/log4j-to-slf4j-2.13.3.jar:/Users/costinmoraru/.m2/repository/org/apache/logging/log4j/log4j-api/2.13.3/log4j-api-2.13.3.jar:/Users/costinmoraru/.m2/repository/org/slf4j/jul-to-slf4j/1.7.30/jul-to-slf4j-1.7.30.jar:/Users/costinmoraru/.m2/repository/jakarta/annotation/jakarta.annotation-api/1.3.5/jakarta.annotation-api-1.3.5.jar:/Users/costinmoraru/.m2/repository/org/yaml/snakeyaml/1.27/snakeyaml-1.27.jar:/Users/costinmoraru/.m2/repository/org/thymeleaf/thymeleaf-spring5/3.0.11.RELEASE/thymeleaf-spring5-3.0.11.RELEASE.jar:/Users/costinmoraru/.m2/repository/org/thymeleaf/thymeleaf/3.0.11.RELEASE/thymeleaf-3.0.11.RELEASE.jar:/Users/costinmoraru/.m2/repository/org/attoparser/attoparser/2.0.5.RELEASE/attoparser-2.0.5.RELEASE.jar:/Users/costinmoraru/.m2/repository/org/unbescape/unbescape/1.1.6.RELEASE/unbescape-1.1.6.RELEASE.jar:/Users/costinmoraru/.m2/repository/org/slf4j/slf4j-api/1.7.30/slf4j-api-1.7.30.jar:/Users/costinmoraru/.m2/repository/org/thymeleaf/extras/thymeleaf-extras-java8time/3.0.4.RELEASE/thymeleaf-extras-java8time-3.0.4.RELEASE.jar:/Users/costinmoraru/.m2/repository/org/springframework/boot/spring-boot-starter-web/2.4.0/spring-boot-starter-web-2.4.0.jar:/Users/costinmoraru/.m2/repository/org/spring
Launcher Type: SUN_STANDARD

Environment Variables:
PATH=/usr/bin:/bin:/usr/sbin:/sbin
SHELL=/bin/zsh

Signal Handlers:
SIGSEGV: [libjvm.dylib+0x5bc2ff], sa_mask[0]=11111111011111110111111111111111, sa_flags=SA_ONSTACK|SA_RESTART|SA_SIGINFO
SIGBUS: [libjvm.dylib+0x5bc2ff], sa_mask[0]=11111111011111110111111111111111, sa_flags=SA_RESTART|SA_SIGINFO
SIGFPE: [libjvm.dylib+0x48d41c], sa_mask[0]=11111111011111110111111111111111, sa_flags=SA_RESTART|SA_SIGINFO
SIGPIPE: [libjvm.dylib+0x48d41c], sa_mask[0]=11111111011111110111111111111111, sa_flags=SA_RESTART|SA_SIGINFO
SIGXFSZ: [libjvm.dylib+0x48d41c], sa_mask[0]=11111111011111110111111111111111, sa_flags=SA_RESTART|SA_SIGINFO
SIGILL: [libjvm.dylib+0x48d41c], sa_mask[0]=11111111011111110111111111111111, sa_flags=SA_RESTART|SA_SIGINFO
SIGUSR1: SIG_DFL, sa_mask[0]=00000000000000000000000000000000, sa_flags=none
SIGUSR2: [libjvm.dylib+0x48cf3a], sa_mask[0]=00100000000000000000000000000000, sa_flags=SA_RESTART|SA_SIGINFO
SIGHUP: [libjvm.dylib+0x48b4c5], sa_mask[0]=11111111011111110111111111111111, sa_flags=SA_RESTART|SA_SIGINFO
SIGINT: [libjvm.dylib+0x48b4c5], sa_mask[0]=11111111011111110111111111111111, sa_flags=SA_RESTART|SA_SIGINFO
SIGTERM: [libjvm.dylib+0x48b4c5], sa_mask[0]=11111111011111110111111111111111, sa_flags=SA_RESTART|SA_SIGINFO
SIGQUIT: [libjvm.dylib+0x48b4c5], sa_mask[0]=11111111011111110111111111111111, sa_flags=SA_RESTART|SA_SIGINFO


---------------  S Y S T E M  ---------------

OS:Bsduname:Darwin 19.6.0 Darwin Kernel Version 19.6.0: Thu Oct 29 22:56:45 PDT 2020; root:xnu-6153.141.2.2~1/RELEASE_X86_64 x86_64
rlimit: STACK 8192k, CORE 0k, NPROC 1392, NOFILE 10240, AS infinity
load average:3.64 4.16 4.60

CPU:total 4 (initial active 4) (2 cores per cpu, 2 threads per core) family 6 model 142 stepping 9, cmov, cx8, fxsr, mmx, sse, sse2, sse3, ssse3, sse4.1, sse4.2, popcnt, avx, avx2, aes, clmul, erms, rtm, 3dnowpref, lzcnt, ht, tsc, tscinvbit, bmi1, bmi2, adx

Memory: 4k page, physical 8388608k(20032k free)

/proc/meminfo:


vm_info: Java HotSpot(TM) 64-Bit Server VM (25.251-b08) for bsd-amd64 JRE (1.8.0_251-b08), built on Mar 12 2020 02:36:37 by "java_re" with gcc 4.2.1 (Based on Apple Inc. build 5658) (LLVM build 2336.11.00)

time: Thu Nov 26 12:00:07 2020
timezone: CET
elapsed time: 172 seconds (0d 0h 2m 52s)

